<?xml version="1.0" encoding="UTF-8"?>
<testsuite xmlns:xsi="http://www.w3.org/2001/XMLSchema-instance" xsi:noNamespaceSchemaLocation="https://maven.apache.org/surefire/maven-surefire-plugin/xsd/surefire-test-report-3.0.xsd" version="3.0" name="com.mycompany.kafka.FastKafkaManagementLibraryTest" time="0.021" tests="10" errors="0" skipped="0" failures="0">
  <properties>
[...]
</properties>
  <testcase name="testErrorCodeRetrieval" classname="com.mycompany.kafka.FastKafkaManagementLibraryTest" time="0.001"/>
  <testcase name="testExceptionErrorCategories" classname="com.mycompany.kafka.FastKafkaManagementLibraryTest" time="0.001"/>
  <testcase name="testFastConnectionFailure" classname="com.mycompany.kafka.FastKafkaManagementLibraryTest" time="0.003">
    <system-err><![CDATA[[main] INFO com.mycompany.kafka.KafkaManagementLibrary - Initializing KafkaManagementLibrary
[main] INFO com.mycompany.kafka.validator.ConnectionValidator - Validating Kafka connection to: invalid:9092
[main] INFO org.apache.kafka.clients.admin.AdminClientConfig - AdminClientConfig values: 
	auto.include.jmx.reporter = true
	bootstrap.servers = [invalid:9092]
	client.dns.lookup = use_all_dns_ips
	client.id = kafka-management-library
	connections.max.idle.ms = 30000
	default.api.timeout.ms = 60000
	metadata.max.age.ms = 300000
	metric.reporters = []
	metrics.num.samples = 2
	metrics.recording.level = INFO
	metrics.sample.window.ms = 30000
	receive.buffer.bytes = 65536
	reconnect.backoff.max.ms = 1000
	reconnect.backoff.ms = 50
	request.timeout.ms = 1000
	retries = 3
	retry.backoff.ms = 100
	sasl.client.callback.handler.class = null
	sasl.jaas.config = null
	sasl.kerberos.kinit.cmd = /usr/bin/kinit
	sasl.kerberos.min.time.before.relogin = 60000
	sasl.kerberos.service.name = null
	sasl.kerberos.ticket.renew.jitter = 0.05
	sasl.kerberos.ticket.renew.window.factor = 0.8
	sasl.login.callback.handler.class = null
	sasl.login.class = null
	sasl.login.connect.timeout.ms = null
	sasl.login.read.timeout.ms = null
	sasl.login.refresh.buffer.seconds = 300
	sasl.login.refresh.min.period.seconds = 60
	sasl.login.refresh.window.factor = 0.8
	sasl.login.refresh.window.jitter = 0.05
	sasl.login.retry.backoff.max.ms = 10000
	sasl.login.retry.backoff.ms = 100
	sasl.mechanism = GSSAPI
	sasl.oauthbearer.clock.skew.seconds = 30
	sasl.oauthbearer.expected.audience = null
	sasl.oauthbearer.expected.issuer = null
	sasl.oauthbearer.jwks.endpoint.refresh.ms = 3600000
	sasl.oauthbearer.jwks.endpoint.retry.backoff.max.ms = 10000
	sasl.oauthbearer.jwks.endpoint.retry.backoff.ms = 100
	sasl.oauthbearer.jwks.endpoint.url = null
	sasl.oauthbearer.scope.claim.name = scope
	sasl.oauthbearer.sub.claim.name = sub
	sasl.oauthbearer.token.endpoint.url = null
	security.protocol = PLAINTEXT
	security.providers = null
	send.buffer.bytes = 131072
	socket.connection.setup.timeout.max.ms = 30000
	socket.connection.setup.timeout.ms = 10000
	ssl.cipher.suites = null
	ssl.enabled.protocols = [TLSv1.2, TLSv1.3]
	ssl.endpoint.identification.algorithm = https
	ssl.engine.factory.class = null
	ssl.key.password = null
	ssl.keymanager.algorithm = SunX509
	ssl.keystore.certificate.chain = null
	ssl.keystore.key = null
	ssl.keystore.location = null
	ssl.keystore.password = null
	ssl.keystore.type = JKS
	ssl.protocol = TLSv1.3
	ssl.provider = null
	ssl.secure.random.implementation = null
	ssl.trustmanager.algorithm = PKIX
	ssl.truststore.certificates = null
	ssl.truststore.location = null
	ssl.truststore.password = null
	ssl.truststore.type = JKS

[main] WARN org.apache.kafka.clients.ClientUtils - Couldn't resolve server invalid:9092 from bootstrap.servers as DNS resolution failed for invalid
]]></system-err>
  </testcase>
  <testcase name="testInvalidTopicNameValidation" classname="com.mycompany.kafka.FastKafkaManagementLibraryTest" time="0.001"/>
  <testcase name="testSuccessMessages" classname="com.mycompany.kafka.FastKafkaManagementLibraryTest" time="0.001"/>
  <testcase name="testKafkaManagementException" classname="com.mycompany.kafka.FastKafkaManagementLibraryTest" time="0.001"/>
  <testcase name="testExceptionWithCause" classname="com.mycompany.kafka.FastKafkaManagementLibraryTest" time="0.001"/>
  <testcase name="testExceptionToString" classname="com.mycompany.kafka.FastKafkaManagementLibraryTest" time="0.001"/>
  <testcase name="testErrorConstants" classname="com.mycompany.kafka.FastKafkaManagementLibraryTest" time="0.001"/>
  <testcase name="testErrorMessageFormatting" classname="com.mycompany.kafka.FastKafkaManagementLibraryTest" time="0.001"/>
</testsuite>