<?xml version="1.0" encoding="UTF-8"?>
<testsuite xmlns:xsi="http://www.w3.org/2001/XMLSchema-instance" xsi:noNamespaceSchemaLocation="https://maven.apache.org/surefire/maven-surefire-plugin/xsd/surefire-test-report-3.0.xsd" version="3.0" name="com.mycompany.kafka.manager.TopicManagerTest" time="0.771" tests="12" errors="0" skipped="0" failures="0">
  <properties>
[...]
</properties>
  <testcase name="testDescribeTopic" classname="com.mycompany.kafka.manager.TopicManagerTest" time="0.714">
    <system-err><![CDATA[[main] INFO com.mycompany.kafka.manager.TopicQueries - Describing topic: test-topic
]]></system-err>
  </testcase>
  <testcase name="testDeleteTopic" classname="com.mycompany.kafka.manager.TopicManagerTest" time="0.003">
    <system-err><![CDATA[[main] INFO com.mycompany.kafka.manager.TopicOperations - Deleting topic: test-topic
]]></system-err>
  </testcase>
  <testcase name="testTopicExists" classname="com.mycompany.kafka.manager.TopicManagerTest" time="0.002">
    <system-err><![CDATA[[main] INFO com.mycompany.kafka.manager.TopicQueries - Checking if topic exists: test-topic
]]></system-err>
  </testcase>
  <testcase name="testGetTopicOperations" classname="com.mycompany.kafka.manager.TopicManagerTest" time="0.002"/>
  <testcase name="testClose" classname="com.mycompany.kafka.manager.TopicManagerTest" time="0.008">
    <system-err><![CDATA[[main] INFO com.mycompany.kafka.manager.TopicManager - TopicManager AdminClient closed successfully
]]></system-err>
  </testcase>
  <testcase name="testGetTopicQueries" classname="com.mycompany.kafka.manager.TopicManagerTest" time="0.002"/>
  <testcase name="testListTopics" classname="com.mycompany.kafka.manager.TopicManagerTest" time="0.002">
    <system-err><![CDATA[[main] INFO com.mycompany.kafka.manager.TopicQueries - Listing all topics
]]></system-err>
  </testcase>
  <testcase name="testGetPartitionCount" classname="com.mycompany.kafka.manager.TopicManagerTest" time="0.004">
    <system-err><![CDATA[[main] INFO com.mycompany.kafka.manager.TopicQueries - Getting partition count for topic: test-topic
]]></system-err>
  </testcase>
  <testcase name="testCreateTopic_WithConfigs" classname="com.mycompany.kafka.manager.TopicManagerTest" time="0.004">
    <system-err><![CDATA[[main] INFO com.mycompany.kafka.manager.TopicOperations - Creating topic: test-topic with 3 partitions and replication factor 1
]]></system-err>
  </testcase>
  <testcase name="testCreateTopic_WithoutConfigs" classname="com.mycompany.kafka.manager.TopicManagerTest" time="0.004">
    <system-err><![CDATA[[main] INFO com.mycompany.kafka.manager.TopicOperations - Creating topic: test-topic with 3 partitions and replication factor 1
]]></system-err>
  </testcase>
  <testcase name="testGetTopicConfig" classname="com.mycompany.kafka.manager.TopicManagerTest" time="0.004">
    <system-err><![CDATA[[main] INFO com.mycompany.kafka.manager.TopicQueries - Getting configuration for topic: test-topic
]]></system-err>
  </testcase>
  <testcase name="testListTopicsWithInfo" classname="com.mycompany.kafka.manager.TopicManagerTest" time="0.003">
    <system-err><![CDATA[[main] INFO com.mycompany.kafka.manager.TopicQueries - Listing all topics with information
]]></system-err>
  </testcase>
</testsuite>